[05/03/18, 21:28:50:039] info: ╔═════════════════════════════════════════════════════════════════════════════╗
[05/03/18, 21:28:50:040] info: ║      Slack 3.1.1, linux 4.16.6-1-ARCH on x64 at 05/03/18, 21:28:50:034      ║
[05/03/18, 21:28:50:040] info: ╚═════════════════════════════════════════════════════════════════════════════╝
[05/03/18, 21:28:50:153] info: Initializing local storage instance at path: /home/elittlet/.config/Slack/local-settings.json
[05/03/18, 21:28:50:505] error: Calls failed to load, bailing
[05/03/18, 21:28:50:507] info: cld3::loadModule: loading cld3 module
[05/03/18, 21:28:50:532] info: cld3Loader::loadModule: running environment is NODE
[05/03/18, 21:28:50:533] info: cld3Loader::loadModule: constructed module object for runtime
[05/03/18, 21:28:50:701] info: cld3Loader::initializeRuntime: successfully initialized module
[05/03/18, 21:28:50:702] info: cld3Loader::loadModule: initialized wasm binary Runtime
[05/03/18, 21:28:50:705] warn: updateSpellcheckerLanguage: Tried to update language, but spellchecker not initialized
[05/03/18, 21:28:50:706] info: SSBIntegration: Main window preload script loaded 976.952401
[05/03/18, 21:28:55:668] info: Store: UPSERT_WEB_CONTENTS
{
  "id": 3,
  "state": "loaded",
  "teamId": "T9YPM2U8N"
}
[05/03/18, 21:28:55:683] info: Store: MAIN_WINDOW_SHOWN
[05/03/18, 21:28:57:396] info: Store: UPDATE_SESSION_STATUS
{
  "hasValidSession": true,
  "teamId": "T9YPM2U8N"
}
[05/03/18, 21:28:57:808] info: postLoadTaskSetup: Desktop client fully loaded
{
  "loadedTime": 10243.063166
}
[05/03/18, 21:28:57:874] info: Store: SELECT_CHANNEL C9YPM2YCE
[05/03/18, 21:28:57:874] info: Store: UPDATE_TEAM_LOCALE
{
  "locale": "en-US"
}
[05/03/18, 21:28:57:874] info: Store: UPDATE_SETTINGS
{
  "locale": "en-US"
}
[05/03/18, 21:28:57:875] info: Store: SAVE_WINDOW_SETTINGS
{
  "isMaximized": false,
  "position": [
    33,
    33
  ],
  "size": [
    1955,
    1039
  ]
}
[05/03/18, 21:28:58:024] info: Store: UPDATE_TEAM_LOCALE
{
  "locale": "en-US",
  "teamId": "T9YPM2U8N"
}
[05/03/18, 21:28:58:026] info: Store: UPSERT_WEB_CONTENTS
{
  "id": 3,
  "state": "webapp-loaded",
  "teamId": "T9YPM2U8N"
}
[05/03/18, 21:28:58:066] info: Store: UPDATE_TEAM_THEME
{
  "teamId": "T9YPM2U8N",
  "theme": {
    "active_item": "#4C9689",
    "active_item_text": "#FFFFFF",
    "active_presence": "#38978D",
    "badge": "#EB4D5C",
    "column_bg": "#4D394B",
    "hover_item": "#3E313C",
    "menu_bg": "#3E313C",
    "text_color": "#FFFFFF"
  }
}
[05/03/18, 21:28:58:313] info: Store: STORE_API_TOKEN
{
  "teamId": "T9YPM2U8N",
  "token": "xoxs-⋯"
}
[05/03/18, 21:28:59:472] info: Raw Locale list: ["C","en_US.utf8","POSIX",""]
[05/03/18, 21:28:59:472] info: Filtered Locale list: ["en_US"]
[05/03/18, 21:28:59:472] info: Counts: {"en":["en_US"]}
[05/03/18, 21:28:59:472] info: Setting en
[05/03/18, 21:28:59:473] info: Result: {"en":"en-US"}
[05/03/18, 21:28:59:474] info: Requesting to load en-US, alternatives are ["en-US","en-US","en-US"]
[05/03/18, 21:28:59:475] info: Loading dictionary for language en-US
[05/03/18, 21:28:59:476] info: Returning local copy: /home/elittlet/.config/Slack/dictionaries/en-US.bdic
[05/03/18, 21:28:59:479] info: Setting current spellchecker to en-US, requested language was en-US
[05/03/18, 21:28:59:479] info: Creating node-spellchecker instance
[05/03/18, 21:28:59:480] info: Actually installing spell check provider to Electron
[05/03/18, 21:29:13:447] info: Unloading spellchecker
[05/03/18, 21:29:13:452] info: Unloading spellchecker
[05/03/18, 21:35:02:640] info: Restoring spellchecker
[05/03/18, 21:35:02:644] info: Loading dictionary for language en-US
[05/03/18, 21:35:02:645] info: Returning local copy: /home/elittlet/.config/Slack/dictionaries/en-US.bdic
[05/03/18, 21:35:02:753] info: Setting current spellchecker to en-US, requested language was en-US
[05/03/18, 21:35:02:753] info: Creating node-spellchecker instance
[05/03/18, 21:35:09:529] info: Unloading spellchecker
[05/03/18, 21:35:09:531] info: Unloading spellchecker
[05/03/18, 21:41:46:722] info: Restoring spellchecker
[05/03/18, 21:41:46:723] info: Loading dictionary for language en-US
[05/03/18, 21:41:46:723] info: Returning local copy: /home/elittlet/.config/Slack/dictionaries/en-US.bdic
[05/03/18, 21:41:46:815] info: Setting current spellchecker to en-US, requested language was en-US
[05/03/18, 21:41:46:815] info: Creating node-spellchecker instance
[05/03/18, 21:41:46:859] info: Unloading spellchecker
[05/03/18, 21:41:46:870] info: Unloading spellchecker
[05/03/18, 21:41:47:634] info: Restoring spellchecker
[05/03/18, 21:41:47:635] info: Loading dictionary for language en-US
[05/03/18, 21:41:47:636] info: Returning local copy: /home/elittlet/.config/Slack/dictionaries/en-US.bdic
[05/03/18, 21:41:47:783] info: Setting current spellchecker to en-US, requested language was en-US
[05/03/18, 21:41:47:784] info: Creating node-spellchecker instance
[05/03/18, 21:41:52:043] info: Unloading spellchecker
[05/03/18, 21:41:52:049] info: Unloading spellchecker
[05/03/18, 21:42:18:034] info: Restoring spellchecker
[05/03/18, 21:42:18:035] info: Loading dictionary for language en-US
[05/03/18, 21:42:18:035] info: Returning local copy: /home/elittlet/.config/Slack/dictionaries/en-US.bdic
[05/03/18, 21:42:18:117] info: Setting current spellchecker to en-US, requested language was en-US
[05/03/18, 21:42:18:118] info: Creating node-spellchecker instance
[05/03/18, 21:42:21:582] info: Unloading spellchecker
[05/03/18, 21:42:21:583] info: Unloading spellchecker
[05/03/18, 21:42:29:113] info: Restoring spellchecker
[05/03/18, 21:42:29:114] info: Loading dictionary for language en-US
[05/03/18, 21:42:29:114] info: Returning local copy: /home/elittlet/.config/Slack/dictionaries/en-US.bdic
[05/03/18, 21:42:29:179] info: Setting current spellchecker to en-US, requested language was en-US
[05/03/18, 21:42:29:179] info: Creating node-spellchecker instance
[05/03/18, 21:42:33:129] info: Unloading spellchecker
[05/03/18, 21:42:33:130] info: Unloading spellchecker
[05/03/18, 21:42:38:641] info: Restoring spellchecker
[05/03/18, 21:42:38:641] info: Loading dictionary for language en-US
[05/03/18, 21:42:38:641] info: Returning local copy: /home/elittlet/.config/Slack/dictionaries/en-US.bdic
[05/03/18, 21:42:38:713] info: Setting current spellchecker to en-US, requested language was en-US
[05/03/18, 21:42:38:714] info: Creating node-spellchecker instance
[05/03/18, 21:42:41:755] info: Unloading spellchecker
[05/03/18, 21:42:41:756] info: Unloading spellchecker
[05/03/18, 21:43:19:751] info: Restoring spellchecker
[05/03/18, 21:43:19:752] info: Loading dictionary for language en-US
[05/03/18, 21:43:19:752] info: Returning local copy: /home/elittlet/.config/Slack/dictionaries/en-US.bdic
[05/03/18, 21:43:19:810] info: Setting current spellchecker to en-US, requested language was en-US
[05/03/18, 21:43:19:810] info: Creating node-spellchecker instance
[05/03/18, 21:43:23:921] info: Unloading spellchecker
[05/03/18, 21:43:23:923] info: Unloading spellchecker
[05/03/18, 21:52:06:443] info: Restoring spellchecker
[05/03/18, 21:52:06:444] info: Loading dictionary for language en-US
[05/03/18, 21:52:06:445] info: Returning local copy: /home/elittlet/.config/Slack/dictionaries/en-US.bdic
[05/03/18, 21:52:06:549] info: Setting current spellchecker to en-US, requested language was en-US
[05/03/18, 21:52:06:549] info: Creating node-spellchecker instance
[05/03/18, 21:52:06:947] info: Unloading spellchecker
[05/03/18, 21:52:06:950] info: Unloading spellchecker
[05/03/18, 21:52:16:696] info: Restoring spellchecker
[05/03/18, 21:52:16:696] info: Loading dictionary for language en-US
[05/03/18, 21:52:16:696] info: Returning local copy: /home/elittlet/.config/Slack/dictionaries/en-US.bdic
[05/03/18, 21:52:16:766] info: Setting current spellchecker to en-US, requested language was en-US
[05/03/18, 21:52:16:766] info: Creating node-spellchecker instance
[05/03/18, 21:52:17:396] info: Unloading spellchecker
[05/03/18, 21:52:17:398] info: Unloading spellchecker
[05/03/18, 23:51:36:159] info: Restoring spellchecker
[05/03/18, 23:51:36:159] info: Loading dictionary for language en-US
[05/03/18, 23:51:36:159] info: Returning local copy: /home/elittlet/.config/Slack/dictionaries/en-US.bdic
[05/03/18, 23:51:36:213] info: Setting current spellchecker to en-US, requested language was en-US
[05/03/18, 23:51:36:213] info: Creating node-spellchecker instance
[05/03/18, 23:51:36:925] info: Unloading spellchecker
[05/03/18, 23:51:36:926] info: Unloading spellchecker
[05/03/18, 23:51:56:171] info: Restoring spellchecker
[05/03/18, 23:51:56:172] info: Loading dictionary for language en-US
[05/03/18, 23:51:56:173] info: Returning local copy: /home/elittlet/.config/Slack/dictionaries/en-US.bdic
[05/03/18, 23:51:56:225] info: Setting current spellchecker to en-US, requested language was en-US
[05/03/18, 23:51:56:225] info: Creating node-spellchecker instance
[05/03/18, 23:51:57:555] info: Unloading spellchecker
[05/03/18, 23:51:57:558] info: Unloading spellchecker
[05/03/18, 23:51:58:416] info: Restoring spellchecker
[05/03/18, 23:51:58:417] info: Loading dictionary for language en-US
[05/03/18, 23:51:58:417] info: Returning local copy: /home/elittlet/.config/Slack/dictionaries/en-US.bdic
[05/03/18, 23:51:58:501] info: Setting current spellchecker to en-US, requested language was en-US
[05/03/18, 23:51:58:501] info: Creating node-spellchecker instance
[05/03/18, 23:52:00:849] info: Unloading spellchecker
[05/03/18, 23:52:00:849] info: Store: SET_FULL_SCREEN
[05/04/18, 01:01:49:580] error: May-4 01:01:49.579 SOCKET-MANAGER (T9YPM2U8N) Closing socket because #4105: client went offline
[05/04/18, 03:22:28:730] info: Store: SET_NETWORK_STATUS offline
[05/04/18, 03:22:41:784] info: Store: SET_NETWORK_STATUS online
[05/04/18, 03:22:42:544] info: Store: UPDATE_TEAM_LOCALE
{
  "locale": "en-US",
  "teamId": "T9YPM2U8N"
}
[05/04/18, 03:24:04:628] info: Store: QUIT_APP
[05/04/18, 03:24:04:642] info: Store: REMOVE_WINDOW 2
[05/04/18, 03:24:04:691] info: Store: QUIT_APP
